c:\temp\aj\tmp\debug\vc142.pdb
c:\temp\aj\tmp\debug\vc142.idb
c:\temp\aj\tmp\debug\tablero.obj
c:\temp\aj\tmp\debug\menuinicio.obj
c:\temp\aj\tmp\debug\main.obj
c:\temp\aj\tmp\debug\turnos.obj
c:\temp\aj\tmp\debug\torre.obj
c:\temp\aj\tmp\debug\rey.obj
c:\temp\aj\tmp\debug\reina.obj
c:\temp\aj\tmp\debug\peon.obj
c:\temp\aj\tmp\debug\juego.obj
c:\temp\aj\tmp\debug\fichas.obj
c:\temp\aj\tmp\debug\casilla.obj
c:\temp\aj\tmp\debug\caballo.obj
c:\temp\aj\tmp\debug\alfil.obj
c:\temp\aj\bin\pang.pdb
c:\temp\aj\tmp\debug\pang.tlog\cl.command.1.tlog
c:\temp\aj\tmp\debug\pang.tlog\cl.read.1.tlog
c:\temp\aj\tmp\debug\pang.tlog\cl.write.1.tlog
c:\temp\aj\tmp\debug\pang.tlog\link-cvtres.read.1.tlog
c:\temp\aj\tmp\debug\pang.tlog\link-cvtres.write.1.tlog
c:\temp\aj\tmp\debug\pang.tlog\link-rc.read.1.tlog
c:\temp\aj\tmp\debug\pang.tlog\link-rc.write.1.tlog
c:\temp\aj\tmp\debug\pang.tlog\link.command.1.tlog
c:\temp\aj\tmp\debug\pang.tlog\link.read.1.tlog
c:\temp\aj\tmp\debug\pang.tlog\link.write.1.tlog
