  Alfil.cpp
C:\temp\Ajedrez-Programadores-Etsidi-main\Ajedrez\Alfil.cpp(6,14): error C2228: left of '.fcolor' must have class/struct/union
C:\temp\Ajedrez-Programadores-Etsidi-main\Ajedrez\Alfil.cpp(6,14): message : type is 'casillas [9][9]'
  Caballo.cpp
C:\temp\Ajedrez-Programadores-Etsidi-main\Ajedrez\Caballo.cpp(6,14): error C2228: left of '.fcolor' must have class/struct/union
C:\temp\Ajedrez-Programadores-Etsidi-main\Ajedrez\Caballo.cpp(6,14): message : type is 'casillas [9][9]'
  Normas.cpp
c1xx : fatal error C1083: Cannot open source file: '..\Ajedrez-Programadores-Etsidi-main\Ajedrez\Normas.cpp': No such file or directory
  Peon.cpp
C:\temp\Ajedrez-Programadores-Etsidi-main\Ajedrez\Peon.cpp(6,14): error C2228: left of '.fcolor' must have class/struct/union
C:\temp\Ajedrez-Programadores-Etsidi-main\Ajedrez\Peon.cpp(6,14): message : type is 'casillas [9][9]'
  Reina.cpp
C:\temp\Ajedrez-Programadores-Etsidi-main\Ajedrez\Reina.cpp(7,14): error C2228: left of '.fcolor' must have class/struct/union
C:\temp\Ajedrez-Programadores-Etsidi-main\Ajedrez\Reina.cpp(7,14): message : type is 'casillas [9][9]'
  Rey.cpp
C:\temp\Ajedrez-Programadores-Etsidi-main\Ajedrez\Rey.cpp(6,14): error C2228: left of '.fcolor' must have class/struct/union
C:\temp\Ajedrez-Programadores-Etsidi-main\Ajedrez\Rey.cpp(6,14): message : type is 'casillas [9][9]'
  Torre.cpp
C:\temp\Ajedrez-Programadores-Etsidi-main\Ajedrez\Torre.cpp(6,14): error C2228: left of '.fcolor' must have class/struct/union
C:\temp\Ajedrez-Programadores-Etsidi-main\Ajedrez\Torre.cpp(6,14): message : type is 'casillas [9][9]'
  turnos.cpp
C:\temp\Ajedrez-Programadores-Etsidi-main\Ajedrez\turnos.cpp(69,21): error C3861: 'jaque': identifier not found
  Main.cpp
  MenuInicio.cpp
  Tablero.cpp
C:\temp\AJ\src\Tablero.cpp(14,39): warning C4244: 'argument': conversion from 'double' to 'GLfloat', possible loss of data
C:\temp\AJ\src\Tablero.cpp(14,30): warning C4244: 'argument': conversion from 'double' to 'GLfloat', possible loss of data
C:\temp\AJ\src\Tablero.cpp(15,39): warning C4244: 'argument': conversion from 'double' to 'GLfloat', possible loss of data
C:\temp\AJ\src\Tablero.cpp(15,30): warning C4244: 'argument': conversion from 'double' to 'GLfloat', possible loss of data
C:\temp\AJ\src\Tablero.cpp(16,39): warning C4244: 'argument': conversion from 'double' to 'GLfloat', possible loss of data
C:\temp\AJ\src\Tablero.cpp(16,30): warning C4244: 'argument': conversion from 'double' to 'GLfloat', possible loss of data
C:\temp\AJ\src\Tablero.cpp(17,39): warning C4244: 'argument': conversion from 'double' to 'GLfloat', possible loss of data
C:\temp\AJ\src\Tablero.cpp(17,30): warning C4244: 'argument': conversion from 'double' to 'GLfloat', possible loss of data
C:\temp\AJ\src\Tablero.cpp(23,39): warning C4244: 'argument': conversion from 'double' to 'GLfloat', possible loss of data
C:\temp\AJ\src\Tablero.cpp(23,30): warning C4244: 'argument': conversion from 'double' to 'GLfloat', possible loss of data
C:\temp\AJ\src\Tablero.cpp(24,39): warning C4244: 'argument': conversion from 'double' to 'GLfloat', possible loss of data
C:\temp\AJ\src\Tablero.cpp(24,30): warning C4244: 'argument': conversion from 'double' to 'GLfloat', possible loss of data
C:\temp\AJ\src\Tablero.cpp(25,39): warning C4244: 'argument': conversion from 'double' to 'GLfloat', possible loss of data
C:\temp\AJ\src\Tablero.cpp(25,30): warning C4244: 'argument': conversion from 'double' to 'GLfloat', possible loss of data
C:\temp\AJ\src\Tablero.cpp(26,39): warning C4244: 'argument': conversion from 'double' to 'GLfloat', possible loss of data
C:\temp\AJ\src\Tablero.cpp(26,30): warning C4244: 'argument': conversion from 'double' to 'GLfloat', possible loss of data
C:\temp\AJ\src\Tablero.cpp(36,5): error C2065: 'alfil': undeclared identifier
C:\temp\AJ\src\Tablero.cpp(39,17): error C2065: 'torre': undeclared identifier
C:\temp\AJ\src\Tablero.cpp(42,17): error C2065: 'caballo': undeclared identifier
C:\temp\AJ\src\Tablero.cpp(45,17): error C2065: 'peon': undeclared identifier
C:\temp\AJ\src\Tablero.cpp(48,17): error C2065: 'rey': undeclared identifier
C:\temp\AJ\src\Tablero.cpp(51,17): error C2065: 'reina': undeclared identifier
  Generating Code...
